
> crm-app@0.1.0 dev
> next dev --turbopack

 ⚠ Port 3000 is in use by an unknown process, using available port 3001 instead.
   ▲ Next.js 15.5.6 (Turbopack)
   - Local:        http://localhost:3001
   - Network:      http://169.254.0.21:3001
   - Environments: .env.local

 ✓ Starting...
 ✓ Ready in 1869ms
 ○ Compiling / ...
Error: Cannot apply unknown utility class `bg-gray-50`. Are you using CSS modules or similar and missing `@reference`? https://tailwindcss.com/docs/functions-and-directives#reference-directive
    [2m[at onInvalidCandidate (/home/code/crm-app/node_modules/tailwindcss/dist/lib.js:21:1314)][0m
    [2m[at Te (/home/code/crm-app/node_modules/tailwindcss/dist/lib.js:16:36364)][0m
    [2m[at /home/code/crm-app/node_modules/tailwindcss/dist/lib.js:21:355][0m
    [2m[at Tr (/home/code/crm-app/node_modules/tailwindcss/dist/lib.js:3:1718)][0m
    [2m[at _ (/home/code/crm-app/node_modules/tailwindcss/dist/lib.js:3:1377)][0m
    [2m[at Se (/home/code/crm-app/node_modules/tailwindcss/dist/lib.js:21:172)][0m
    [2m[at ln (/home/code/crm-app/node_modules/tailwindcss/dist/lib.js:38:294)][0m
    [2m[at process.processTicksAndRejections (node:internal/process/task_queues:105:5)][0m
    [2m[at async sn (/home/code/crm-app/node_modules/tailwindcss/dist/lib.js:38:631)][0m
    [2m[at async Qr (/home/code/crm-app/node_modules/@tailwindcss/node/dist/index.js:10:3385)][0m
 ✓ Compiled / in 5.4s
 ⨯ ./app/globals.css
Error evaluating Node.js code
CssSyntaxError: tailwindcss: /home/code/crm-app/app/globals.css:1:1: Cannot apply unknown utility class `bg-gray-50`. Are you using CSS modules or similar and missing `@reference`? https://tailwindcss.com/docs/functions-and-directives#reference-directive
    [at Input.error (turbopack:///[project]/node_modules/postcss/lib/input.js:135:16)]
    [at Root.error (turbopack:///[project]/node_modules/postcss/lib/node.js:146:32)]
    [at Object.Once (/home/code/crm-app/node_modules/@tailwindcss/postcss/dist/index.js:10:6912)]
    [at process.processTicksAndRejections (node:internal/process/task_queues:105:5)]
    [at async LazyResult.runAsync (turbopack:///[project]/node_modules/postcss/lib/lazy-result.js:293:11)]
    [at async transform (turbopack:///[turbopack-node]/transforms/postcss.ts:70:34)]
    [at async run (turbopack:///[turbopack-node]/ipc/evaluate.ts:92:23)]

Import trace:
  Client Component Browser:
    ./app/globals.css [Client Component Browser]
    ./app/layout.tsx [Server Component]


 ○ Compiling /_error ...
 ✓ Compiled /_error in 2.1s
 GET / 500 in 7882ms
 ⚠ Cross origin request detected from mighty-peas-lay.lindy.site to /_next/* resource. In a future major version of Next.js, you will need to explicitly configure "allowedDevOrigins" in next.config to allow this.
Read more: https://nextjs.org/docs/app/api-reference/config/next-config-js/allowedDevOrigins
 ✓ Compiled /favicon.ico in 449ms
 GET /favicon.ico 500 in 479ms
Error: Cannot apply unknown utility class `text-3xl`. Are you using CSS modules or similar and missing `@reference`? https://tailwindcss.com/docs/functions-and-directives#reference-directive
    [2m[at onInvalidCandidate (/home/code/crm-app/node_modules/tailwindcss/dist/lib.js:21:1314)][0m
    [2m[at Te (/home/code/crm-app/node_modules/tailwindcss/dist/lib.js:16:36364)][0m
    [2m[at /home/code/crm-app/node_modules/tailwindcss/dist/lib.js:21:355][0m
    [2m[at Tr (/home/code/crm-app/node_modules/tailwindcss/dist/lib.js:3:1718)][0m
    [2m[at _ (/home/code/crm-app/node_modules/tailwindcss/dist/lib.js:3:1377)][0m
    [2m[at Se (/home/code/crm-app/node_modules/tailwindcss/dist/lib.js:21:172)][0m
    [2m[at ln (/home/code/crm-app/node_modules/tailwindcss/dist/lib.js:38:294)][0m
    [2m[at process.processTicksAndRejections (node:internal/process/task_queues:105:5)][0m
    [2m[at async sn (/home/code/crm-app/node_modules/tailwindcss/dist/lib.js:38:631)][0m
    [2m[at async Qr (/home/code/crm-app/node_modules/@tailwindcss/node/dist/index.js:10:3385)][0m
 ⨯ ./app/globals.css
Error evaluating Node.js code
CssSyntaxError: tailwindcss: /home/code/crm-app/app/globals.css:1:1: Cannot apply unknown utility class `text-3xl`. Are you using CSS modules or similar and missing `@reference`? https://tailwindcss.com/docs/functions-and-directives#reference-directive
    [at Input.error (turbopack:///[project]/node_modules/postcss/lib/input.js:135:16)]
    [at Root.error (turbopack:///[project]/node_modules/postcss/lib/node.js:146:32)]
    [at Object.Once (/home/code/crm-app/node_modules/@tailwindcss/postcss/dist/index.js:10:6912)]
    [at process.processTicksAndRejections (node:internal/process/task_queues:105:5)]
    [at async LazyResult.runAsync (turbopack:///[project]/node_modules/postcss/lib/lazy-result.js:293:11)]
    [at async transform (turbopack:///[turbopack-node]/transforms/postcss.ts:70:34)]
    [at async run (turbopack:///[turbopack-node]/ipc/evaluate.ts:92:23)]

Import trace:
  Client Component Browser:
    ./app/globals.css [Client Component Browser]
    ./app/layout.tsx [Server Component]


 GET / 500 in 56ms
 GET /favicon.ico 500 in 29ms
 ✓ Compiled in 581ms
 ✓ Compiled / in 18ms
 GET / 200 in 819ms
 GET / 200 in 198ms
 GET /favicon.ico?favicon.bf3c9292.ico 200 in 353ms
 ○ Compiling /contacts ...
 ✓ Compiled /contacts in 639ms
 GET /contacts 200 in 821ms
 ○ Compiling /deals ...
 ✓ Compiled /deals in 688ms
 GET /deals 200 in 893ms
 ○ Compiling /tasks ...
 ✓ Compiled /tasks in 563ms
 GET /tasks 200 in 749ms
 ○ Compiling /notes ...
 ✓ Compiled /notes in 519ms
 GET /notes 200 in 710ms
 ○ Compiling /analytics ...
 ✓ Compiled /analytics in 538ms
 GET /analytics 200 in 696ms
 ○ Compiling /calls ...
 ✓ Compiled /calls in 611ms
 GET /calls 200 in 798ms
 GET / 200 in 193ms
 GET / 200 in 183ms
 GET / 200 in 379ms
 GET /contacts 200 in 132ms
Error: Cannot apply unknown utility class `border-border`. Are you using CSS modules or similar and missing `@reference`? https://tailwindcss.com/docs/functions-and-directives#reference-directive
    [2m[at onInvalidCandidate (/home/code/crm-app/node_modules/tailwindcss/dist/lib.js:21:1314)][0m
    [2m[at Te (/home/code/crm-app/node_modules/tailwindcss/dist/lib.js:16:36364)][0m
    [2m[at /home/code/crm-app/node_modules/tailwindcss/dist/lib.js:21:355][0m
    [2m[at Tr (/home/code/crm-app/node_modules/tailwindcss/dist/lib.js:3:1718)][0m
    [2m[at _ (/home/code/crm-app/node_modules/tailwindcss/dist/lib.js:3:1377)][0m
    [2m[at Se (/home/code/crm-app/node_modules/tailwindcss/dist/lib.js:21:172)][0m
    [2m[at ln (/home/code/crm-app/node_modules/tailwindcss/dist/lib.js:38:294)][0m
    [2m[at process.processTicksAndRejections (node:internal/process/task_queues:105:5)][0m
    [2m[at async sn (/home/code/crm-app/node_modules/tailwindcss/dist/lib.js:38:631)][0m
    [2m[at async Qr (/home/code/crm-app/node_modules/@tailwindcss/node/dist/index.js:10:3385)][0m
 ✓ Compiled in 537ms
 ⨯ ./app/globals.css
Error evaluating Node.js code
CssSyntaxError: tailwindcss: /home/code/crm-app/app/globals.css:1:1: Cannot apply unknown utility class `border-border`. Are you using CSS modules or similar and missing `@reference`? https://tailwindcss.com/docs/functions-and-directives#reference-directive
    [at Input.error (turbopack:///[project]/node_modules/postcss/lib/input.js:135:16)]
    [at Root.error (turbopack:///[project]/node_modules/postcss/lib/node.js:146:32)]
    [at Object.Once (/home/code/crm-app/node_modules/@tailwindcss/postcss/dist/index.js:10:6912)]
    [at process.processTicksAndRejections (node:internal/process/task_queues:105:5)]
    [at async LazyResult.runAsync (turbopack:///[project]/node_modules/postcss/lib/lazy-result.js:293:11)]
    [at async transform (turbopack:///[turbopack-node]/transforms/postcss.ts:70:34)]
    [at async run (turbopack:///[turbopack-node]/ipc/evaluate.ts:92:23)]

Import trace:
  Client Component Browser:
    ./app/globals.css [Client Component Browser]
    ./app/layout.tsx [Server Component]


 GET / 500 in 117ms
 GET /favicon.ico 500 in 67ms
Error: Cannot apply unknown utility class `bg-white`. Are you using CSS modules or similar and missing `@reference`? https://tailwindcss.com/docs/functions-and-directives#reference-directive
    [2m[at onInvalidCandidate (/home/code/crm-app/node_modules/tailwindcss/dist/lib.js:21:1314)][0m
    [2m[at Te (/home/code/crm-app/node_modules/tailwindcss/dist/lib.js:16:36364)][0m
    [2m[at /home/code/crm-app/node_modules/tailwindcss/dist/lib.js:21:355][0m
    [2m[at Tr (/home/code/crm-app/node_modules/tailwindcss/dist/lib.js:3:1718)][0m
    [2m[at _ (/home/code/crm-app/node_modules/tailwindcss/dist/lib.js:3:1377)][0m
    [2m[at Se (/home/code/crm-app/node_modules/tailwindcss/dist/lib.js:21:172)][0m
    [2m[at ln (/home/code/crm-app/node_modules/tailwindcss/dist/lib.js:38:294)][0m
    [2m[at process.processTicksAndRejections (node:internal/process/task_queues:105:5)][0m
    [2m[at async sn (/home/code/crm-app/node_modules/tailwindcss/dist/lib.js:38:631)][0m
    [2m[at async Qr (/home/code/crm-app/node_modules/@tailwindcss/node/dist/index.js:10:3385)][0m
 ⨯ ./app/globals.css
Error evaluating Node.js code
CssSyntaxError: tailwindcss: /home/code/crm-app/app/globals.css:1:1: Cannot apply unknown utility class `bg-white`. Are you using CSS modules or similar and missing `@reference`? https://tailwindcss.com/docs/functions-and-directives#reference-directive
    [at Input.error (turbopack:///[project]/node_modules/postcss/lib/input.js:135:16)]
    [at Root.error (turbopack:///[project]/node_modules/postcss/lib/node.js:146:32)]
    [at Object.Once (/home/code/crm-app/node_modules/@tailwindcss/postcss/dist/index.js:10:6912)]
    [at process.processTicksAndRejections (node:internal/process/task_queues:105:5)]
    [at async LazyResult.runAsync (turbopack:///[project]/node_modules/postcss/lib/lazy-result.js:293:11)]
    [at async transform (turbopack:///[turbopack-node]/transforms/postcss.ts:70:34)]
    [at async run (turbopack:///[turbopack-node]/ipc/evaluate.ts:92:23)]

Import trace:
  Client Component Browser:
    ./app/globals.css [Client Component Browser]
    ./app/layout.tsx [Server Component]


 GET / 500 in 84ms
 GET /favicon.ico 500 in 130ms
 ⨯ ./app/globals.css
Error evaluating Node.js code
CssSyntaxError: tailwindcss: /home/code/crm-app/app/globals.css:1:1: Cannot apply unknown utility class `text-3xl`. Are you using CSS modules or similar and missing `@reference`? https://tailwindcss.com/docs/functions-and-directives#reference-directive
    [at Input.error (turbopack:///[project]/node_modules/postcss/lib/input.js:135:16)]
    [at Root.error (turbopack:///[project]/node_modules/postcss/lib/node.js:146:32)]
    [at Object.Once (/home/code/crm-app/node_modules/@tailwindcss/postcss/dist/index.js:10:6912)]
    [at process.processTicksAndRejections (node:internal/process/task_queues:105:5)]
    [at async LazyResult.runAsync (turbopack:///[project]/node_modules/postcss/lib/lazy-result.js:293:11)]
    [at async transform (turbopack:///[turbopack-node]/transforms/postcss.ts:70:34)]
    [at async run (turbopack:///[turbopack-node]/ipc/evaluate.ts:92:23)]

Import trace:
  Client Component Browser:
    ./app/globals.css [Client Component Browser]
    ./app/layout.tsx [Server Component]


 GET / 500 in 96ms
 GET /favicon.ico 500 in 211ms
 ✓ Compiled in 578ms
 ⚠ Fast Refresh had to perform a full reload due to a runtime error.
 ✓ Compiled / in 34ms
 GET / 200 in 213ms
 GET /favicon.ico?favicon.bf3c9292.ico 200 in 299ms
 GET / 200 in 200ms
 ✓ Compiled /calls in 42ms
 GET /calls 200 in 125ms
 ✓ Compiled /contacts in 36ms
 GET /contacts 200 in 103ms
 ✓ Compiled /deals in 33ms
 GET /deals 200 in 102ms
 ✓ Compiled /tasks in 40ms
 GET /tasks 200 in 131ms
 ✓ Compiled /notes in 31ms
 GET /notes 200 in 96ms
 GET /calls 200 in 101ms
 GET /notes 200 in 92ms
 ✓ Compiled /analytics in 31ms
 GET /analytics 200 in 96ms
 ✓ Compiled in 338ms
 GET / 200 in 234ms
 ✓ Compiled in 97ms
 ✓ Compiled / in 45ms
 GET / 200 in 263ms
 GET / 200 in 86ms
 GET / 200 in 100ms
 GET / 200 in 116ms
 GET / 200 in 84ms
 GET / 200 in 99ms
 GET / 200 in 92ms
 ✓ Compiled in 525ms
 ⨯ [Error: Invalid <Link> with <a> child. Please remove <a> or use <Link legacyBehavior>.
Learn more: https://nextjs.org/docs/messages/invalid-new-link-with-extra-anchor] {
  digest: '3089928759'
}
 GET / 500 in 584ms
 GET /favicon.ico 200 in 279ms
 ✓ Compiled in 162ms
 ⚠ Fast Refresh had to perform a full reload due to a runtime error.
 GET / 200 in 617ms
 GET /favicon.ico?favicon.bf3c9292.ico 200 in 271ms
 GET / 200 in 195ms
 ✓ Compiled /contacts in 37ms
 GET /contacts 200 in 218ms
 ✓ Compiled /deals in 41ms
 GET /deals 200 in 241ms
 ✓ Compiled /tasks in 36ms
 GET /tasks 200 in 217ms
 ✓ Compiled /notes in 49ms
 GET /notes 200 in 259ms
 ✓ Compiled /calls in 54ms
 GET /calls 200 in 253ms
 ✓ Compiled /analytics in 64ms
 GET /analytics 200 in 275ms
 GET / 200 in 112ms
